app/seeds.txt
com.nomad.internethaber.BuildConfig
com.nomad.internethaber.BuildConfig: boolean DEBUG
com.nomad.internethaber.BuildConfig: java.lang.String APPLICATION_ID
com.nomad.internethaber.BuildConfig: java.lang.String BUILD_TYPE
com.nomad.internethaber.BuildConfig: java.lang.String FLAVOR
com.nomad.internethaber.BuildConfig: int VERSION_CODE
com.nomad.internethaber.BuildConfig: java.lang.String VERSION_NAME
com.nomad.internethaber.BuildConfig: BuildConfig()
com.nomad.internethaber.Manifest
com.nomad.internethaber.Manifest: Manifest()
com.nomad.internethaber.Manifest$permission
com.nomad.internethaber.Manifest$permission: java.lang.String C2D_MESSAGE
com.nomad.internethaber.Manifest$permission: Manifest$permission()
com.nomad.internethaber.R
com.nomad.internethaber.R: R()
com.nomad.internethaber.R$anim
com.nomad.internethaber.R$anim: int abc_fade_in
com.nomad.internethaber.R$anim: int abc_fade_out
com.nomad.internethaber.R$anim: int abc_slide_in_bottom
com.nomad.internethaber.R$anim: int abc_slide_in_top
com.nomad.internethaber.R$anim: int abc_slide_out_bottom
com.nomad.internethaber.R$anim: int abc_slide_out_top
com.nomad.internethaber.R$anim: int sb__in
com.nomad.internethaber.R$anim: int sb__out
com.nomad.internethaber.R$anim: R$anim()
com.nomad.internethaber.R$attr
com.nomad.internethaber.R$attr: int actionBarDivider
com.nomad.internethaber.R$attr: int actionBarItemBackground
com.nomad.internethaber.R$attr: int actionBarPopupTheme
com.nomad.internethaber.R$attr: int actionBarSize
com.nomad.internethaber.R$attr: int actionBarSplitStyle
com.nomad.internethaber.R$attr: int actionBarStyle
com.nomad.internethaber.R$attr: int actionBarTabBarStyle
com.nomad.internethaber.R$attr: int actionBarTabStyle
com.nomad.internethaber.R$attr: int actionBarTabTextStyle
com.nomad.internethaber.R$attr: int actionBarTheme
com.nomad.internethaber.R$attr: int actionBarWidgetTheme
com.nomad.internethaber.R$attr: int actionButtonStyle
com.nomad.internethaber.R$attr: int actionDropDownStyle
com.nomad.internethaber.R$attr: int actionLayout
com.nomad.internethaber.R$attr: int actionMenuTextAppearance
com.nomad.internethaber.R$attr: int actionMenuTextColor
com.nomad.internethaber.R$attr: int actionModeBackground
com.nomad.internethaber.R$attr: int actionModeCloseButtonStyle
com.nomad.internethaber.R$attr: int actionModeCloseDrawable
com.nomad.internethaber.R$attr: int actionModeCopyDrawable
com.nomad.internethaber.R$attr: int actionModeCutDrawable
com.nomad.internethaber.R$attr: int actionModeFindDrawable
com.nomad.internethaber.R$attr: int actionModePasteDrawable
com.nomad.internethaber.R$attr: int actionModePopupWindowStyle
com.nomad.internethaber.R$attr: int actionModeSelectAllDrawable
com.nomad.internethaber.R$bool
com.nomad.internethaber.R$bool: int abc_action_bar_embed_tabs
com.nomad.internethaber.R$bool: int abc_action_bar_embed_tabs_pre_jb
com.nomad.internethaber.R$bool: int abc_action_bar_expanded_action_views_exclusive
com.nomad.internethaber.R$bool: int abc_config_actionMenuItemAllCaps
com.nomad.internethaber.R$bool: int abc_config_allowActionMenuItemTextWithIcon
com.nomad.internethaber.R$bool: int abc_config_showMenuShortcutsWhenKeyboardPresent
com.nomad.internethaber.R$bool: int is_tablet
com.nomad.internethaber.R$bool: int sb__is_phone
com.nomad.internethaber.R$bool: int sb__is_swipeable
com.nomad.internethaber.R$bool: R$bool()
...
retrofit.http.HEAD
retrofit.http.HEAD: java.lang.String value()
retrofit.http.Header
retrofit.http.Header: java.lang.String value()
retrofit.http.Headers
retrofit.http.Headers: java.lang.String[] value()
retrofit.http.Multipart
retrofit.http.PATCH
retrofit.http.PATCH: java.lang.String value()
retrofit.http.POST
retrofit.http.POST: java.lang.String value()
retrofit.http.PUT
retrofit.http.PUT: java.lang.String value()
retrofit.http.Part
retrofit.http.Part: java.lang.String value()
retrofit.http.Part: java.lang.String encoding()
retrofit.http.PartMap
retrofit.http.PartMap: java.lang.String encoding()
retrofit.http.Path
retrofit.http.Path: java.lang.String value()
retrofit.http.Path: boolean encode()
retrofit.http.Query
retrofit.http.Query: java.lang.String value()
retrofit.http.Query: boolean encodeName()
retrofit.http.Query: boolean encodeValue()
retrofit.http.QueryMap
retrofit.http.QueryMap: boolean encodeNames()
retrofit.http.QueryMap: boolean encodeValues()
retrofit.http.RestMethod
retrofit.http.RestMethod: java.lang.String value()
retrofit.http.RestMethod: boolean hasBody()
retrofit.http.Streaming
retrofit.mime.FormUrlEncodedTypedOutput
retrofit.mime.FormUrlEncodedTypedOutput: java.io.ByteArrayOutputStream content
retrofit.mime.FormUrlEncodedTypedOutput: FormUrlEncodedTypedOutput()
retrofit.mime.FormUrlEncodedTypedOutput: void addField(java.lang.String,java.lang.String)
retrofit.mime.FormUrlEncodedTypedOutput: void addField(java.lang.String,boolean,java.lang.String,boolean)
retrofit.mime.FormUrlEncodedTypedOutput: java.lang.String fileName()
retrofit.mime.FormUrlEncodedTypedOutput: java.lang.String mimeType()
retrofit.mime.FormUrlEncodedTypedOutput: long length()
retrofit.mime.FormUrlEncodedTypedOutput: void writeTo(java.io.OutputStream)
retrofit.mime.MimeUtil
retrofit.mime.MimeUtil: java.util.regex.Pattern CHARSET
retrofit.mime.MimeUtil: java.lang.String parseCharset(java.lang.String)
retrofit.mime.MimeUtil: java.lang.String parseCharset(java.lang.String,java.lang.String)
retrofit.mime.MimeUtil: MimeUtil()
retrofit.mime.MimeUtil: void <clinit>()
retrofit.mime.MultipartTypedOutput
retrofit.mime.MultipartTypedOutput: java.lang.String DEFAULT_TRANSFER_ENCODING
retrofit.mime.MultipartTypedOutput: java.util.List mimeParts
retrofit.mime.MultipartTypedOutput: byte[] footer
retrofit.mime.MultipartTypedOutput: java.lang.String boundary
retrofit.mime.MultipartTypedOutput: long length
retrofit.mime.MultipartTypedOutput: MultipartTypedOutput()
retrofit.mime.MultipartTypedOutput: MultipartTypedOutput(java.lang.String)
retrofit.mime.MultipartTypedOutput: java.util.List getParts()
retrofit.mime.MultipartTypedOutput: void addPart(java.lang.String,retrofit.mime.TypedOutput)
retrofit.mime.MultipartTypedOutput: void addPart(java.lang.String,java.lang.String,retrofit.mime.TypedOutput)
retrofit.mime.MultipartTypedOutput: int getPartCount()
retrofit.mime.MultipartTypedOutput: java.lang.String fileName()
retrofit.mime.MultipartTypedOutput: java.lang.String mimeType()
retrofit.mime.MultipartTypedOutput: long length()
retrofit.mime.MultipartTypedOutput: void writeTo(java.io.OutputStream)
retrofit.mime.MultipartTypedOutput: byte[] buildBoundary(java.lang.String,boolean,boolean)
retrofit.mime.MultipartTypedOutput: byte[] buildHeader(java.lang.String,java.lang.String,retrofit.mime.TypedOutput)
retrofit.mime.MultipartTypedOutput: byte[] access$000(java.lang.String,boolean,boolean)
retrofit.mime.MultipartTypedOutput: byte[] access$100(java.lang.String,java.lang.String,retrofit.mime.TypedOutput)