app/mapping.txt
com.nomad.internethaber.BuildConfig -> com.nomad.internethaber.BuildConfig:
    boolean DEBUG -> DEBUG
    java.lang.String APPLICATION_ID -> APPLICATION_ID
    java.lang.String BUILD_TYPE -> BUILD_TYPE
    java.lang.String FLAVOR -> FLAVOR
    int VERSION_CODE -> VERSION_CODE
    java.lang.String VERSION_NAME -> VERSION_NAME
com.nomad.internethaber.Manifest -> com.nomad.internethaber.Manifest:
com.nomad.internethaber.Manifest$permission -> com.nomad.internethaber.Manifest$permission:
    java.lang.String C2D_MESSAGE -> C2D_MESSAGE
com.nomad.internethaber.R -> com.nomad.internethaber.R:
com.nomad.internethaber.R$anim -> com.nomad.internethaber.R$anim:
    int abc_fade_in -> abc_fade_in
    int abc_fade_out -> abc_fade_out
    int abc_slide_in_bottom -> abc_slide_in_bottom
    int abc_slide_in_top -> abc_slide_in_top
    int abc_slide_out_bottom -> abc_slide_out_bottom
    int abc_slide_out_top -> abc_slide_out_top
    int sb__in -> sb__in
    int sb__out -> sb__out
com.nomad.internethaber.R$attr -> com.nomad.internethaber.R$attr:
    int actionBarDivider -> actionBarDivider
    int actionBarItemBackground -> actionBarItemBackground
    int actionBarPopupTheme -> actionBarPopupTheme
    int actionBarSize -> actionBarSize
    int actionBarSplitStyle -> actionBarSplitStyle
    int actionBarStyle -> actionBarStyle
    int actionBarTabBarStyle -> actionBarTabBarStyle
    int actionBarTabStyle -> actionBarTabStyle
    int actionBarTabTextStyle -> actionBarTabTextStyle
    int actionBarTheme -> actionBarTheme
    int actionBarWidgetTheme -> actionBarWidgetTheme
    int actionButtonStyle -> actionButtonStyle
    int actionDropDownStyle -> actionDropDownStyle
    int actionLayout -> actionLayout
    int actionMenuTextAppearance -> actionMenuTextAppearance
    int actionMenuTextColor -> actionMenuTextColor
    int actionModeBackground -> actionModeBackground
    int actionModeCloseButtonStyle -> actionModeCloseButtonStyle
    int actionModeCloseDrawable -> actionModeCloseDrawable
    int actionModeCopyDrawable -> actionModeCopyDrawable
    int actionModeCutDrawable -> actionModeCutDrawable
    int actionModeFindDrawable -> actionModeFindDrawable
    int actionModePasteDrawable -> actionModePasteDrawable
    int actionModePopupWindowStyle -> actionModePopupWindowStyle
    int actionModeSelectAllDrawable -> actionModeSelectAllDrawable
    int actionModeShareDrawable -> actionModeShareDrawable
com.nomad.internethaber.R$bool -> com.nomad.internethaber.R$bool:
    int abc_action_bar_embed_tabs -> abc_action_bar_embed_tabs
    int abc_action_bar_embed_tabs_pre_jb -> abc_action_bar_embed_tabs_pre_jb
    int abc_action_bar_expanded_action_views_exclusive -> abc_action_bar_expanded_action_views_exclusive
    int abc_config_actionMenuItemAllCaps -> abc_config_actionMenuItemAllCaps
    int abc_config_allowActionMenuItemTextWithIcon -> abc_config_allowActionMenuItemTextWithIcon
    int abc_config_showMenuShortcutsWhenKeyboardPresent -> abc_config_showMenuShortcutsWhenKeyboardPresent
    int is_tablet -> is_tablet
    int sb__is_phone -> sb__is_phone
    int sb__is_swipeable -> sb__is_swipeable
...
android.support.v4.view.MenuItemCompatIcs$SupportActionExpandProxy -> jq:
    boolean onMenuItemActionExpand(android.view.MenuItem) -> a
    boolean onMenuItemActionCollapse(android.view.MenuItem) -> b
android.support.v4.view.MotionEventCompat -> android.support.v4.view.MotionEventCompat:
    android.support.v4.view.MotionEventCompat$MotionEventVersionImpl IMPL -> a
    int ACTION_MASK -> ACTION_MASK
    int ACTION_POINTER_DOWN -> ACTION_POINTER_DOWN
    int ACTION_POINTER_UP -> ACTION_POINTER_UP
    int ACTION_HOVER_MOVE -> ACTION_HOVER_MOVE
    int ACTION_SCROLL -> ACTION_SCROLL
    int ACTION_POINTER_INDEX_MASK -> ACTION_POINTER_INDEX_MASK
    int ACTION_POINTER_INDEX_SHIFT -> ACTION_POINTER_INDEX_SHIFT
    int ACTION_HOVER_ENTER -> ACTION_HOVER_ENTER
    int ACTION_HOVER_EXIT -> ACTION_HOVER_EXIT
    183:183:int getActionMasked(android.view.MotionEvent) -> getActionMasked
    191:191:int getActionIndex(android.view.MotionEvent) -> getActionIndex
    201:201:int findPointerIndex(android.view.MotionEvent,int) -> findPointerIndex
    210:210:int getPointerId(android.view.MotionEvent,int) -> getPointerId
    219:219:float getX(android.view.MotionEvent,int) -> getX
    228:228:float getY(android.view.MotionEvent,int) -> getY
    236:236:int getPointerCount(android.view.MotionEvent) -> getPointerCount
android.support.v4.view.MotionEventCompat$BaseMotionEventVersionImpl -> jr:
    43:47:int findPointerIndex(android.view.MotionEvent,int) -> a
    51:55:int getPointerId(android.view.MotionEvent,int) -> b
    59:62:float getX(android.view.MotionEvent,int) -> c
    66:69:float getY(android.view.MotionEvent,int) -> d
    73:73:int getPointerCount(android.view.MotionEvent) -> a
android.support.v4.view.MotionEventCompat$EclairMotionEventVersionImpl -> js:
    83:83:int findPointerIndex(android.view.MotionEvent,int) -> a
    87:87:int getPointerId(android.view.MotionEvent,int) -> b
    91:91:float getX(android.view.MotionEvent,int) -> c
    95:95:float getY(android.view.MotionEvent,int) -> d
    99:99:int getPointerCount(android.view.MotionEvent) -> a
android.support.v4.view.MotionEventCompat$MotionEventVersionImpl -> jt:
    int findPointerIndex(android.view.MotionEvent,int) -> a
    int getPointerId(android.view.MotionEvent,int) -> b
    float getX(android.view.MotionEvent,int) -> c
    float getY(android.view.MotionEvent,int) -> d
    int getPointerCount(android.view.MotionEvent) -> a
android.support.v4.view.MotionEventCompatEclair -> ju:
    26:26:int findPointerIndex(android.view.MotionEvent,int) -> a
    29:29:int getPointerId(android.view.MotionEvent,int) -> b
    32:32:float getX(android.view.MotionEvent,int) -> c
    35:35:float getY(android.view.MotionEvent,int) -> d
    38:38:int getPointerCount(android.view.MotionEvent) -> a
android.support.v4.view.OnApplyWindowInsetsListener -> android.support.v4.view.OnApplyWindowInsetsListener:
    android.support.v4.view.WindowInsetsCompat onApplyWindowInsets(android.view.View,android.support.v4.view.WindowInsetsCompat) -> onApplyWindowInsets