app/unused.txt
com.nomad.internethaber.view.LibertineTextView$FontProvider:
    36:36:private LibertineTextView$FontProvider()
...
android.support.v4.graphics.BitmapCompatJellybeanMR2:
    20:20:BitmapCompatJellybeanMR2()
android.support.v4.graphics.BitmapCompatKitKat:
    23:23:BitmapCompatKitKat()
android.support.v4.graphics.drawable.DrawableCompatHoneycomb:
    24:24:DrawableCompatHoneycomb()
android.support.v4.graphics.drawable.DrawableCompatKitKat:
    24:24:DrawableCompatKitKat()
android.support.v4.graphics.drawable.DrawableCompatL:
    26:26:DrawableCompatL()
android.support.v4.graphics.drawable.RoundedBitmapDrawable:
    private static final int DEFAULT_PAINT_FLAGS
android.support.v4.graphics.drawable.RoundedBitmapDrawableFactory:
    private static final java.lang.String TAG
android.support.v4.hardware.display.DisplayManagerJellybeanMr1:
    22:22:DisplayManagerJellybeanMr1()
android.support.v4.media.MediaMetadataCompat:
    private static final java.lang.String TAG
    private static final int METADATA_TYPE_LONG
    private static final int METADATA_TYPE_TEXT
    private static final int METADATA_TYPE_BITMAP
    private static final int METADATA_TYPE_RATING
android.support.v4.media.MediaMetadataCompatApi21:
    25:46:MediaMetadataCompatApi21()
android.support.v4.media.RatingCompat:
    private static final java.lang.String TAG
    private static final float RATING_NOT_RATED
android.support.v4.media.RatingCompatApi21:
    21:21:RatingCompatApi21()
android.support.v4.media.TransportPerformer:
    static final int AUDIOFOCUS_GAIN
    static final int AUDIOFOCUS_GAIN_TRANSIENT
    static final int AUDIOFOCUS_GAIN_TRANSIENT_MAY_DUCK
    static final int AUDIOFOCUS_LOSS
    static final int AUDIOFOCUS_LOSS_TRANSIENT
    static final int AUDIOFOCUS_LOSS_TRANSIENT_CAN_DUCK
android.support.v4.media.VolumeProviderCompatApi21:
    21:41:VolumeProviderCompatApi21()
    38:39:public static void setCurrentVolume(java.lang.Object,int)
android.support.v4.media.routing.MediaRouterJellybean:
    private static final java.lang.String TAG
    public static final int ROUTE_TYPE_LIVE_AUDIO
    public static final int ROUTE_TYPE_LIVE_VIDEO
    public static final int ROUTE_TYPE_USER
    public static final int ALL_ROUTE_TYPES
    29:422:MediaRouterJellybean()
    42:42:public static java.lang.Object getMediaRouter(android.content.Context)
    47:53:public static java.util.List getRoutes(java.lang.Object)
    58:64:public static java.util.List getCategories(java.lang.Object)
    68:68:public static java.lang.Object getSelectedRoute(java.lang.Object,int)
    72:74:public static void selectRoute(java.lang.Object,int,java.lang.Object)
    77:79:public static void addCallback(java.lang.Object,int,java.lang.Object)
    82:84:public static void removeCallback(java.lang.Object,java.lang.Object)
    88:88:public static java.lang.Object createRouteCategory(java.lang.Object,java.lang.String,boolean)
    92:92:public static java.lang.Object createUserRoute(java.lang.Object,java.lang.Object)
    97:99:public static void addUserRoute(java.lang.Object,java.lang.Object)
    102:104:public static void removeUserRoute(java.lang.Object,java.lang.Object)
    107:107:public static java.lang.Object createCallback(android.support.v4.media.routing.MediaRouterJellybean$Callback)
    111:111:public static java.lang.Object createVolumeCallback(android.support.v4.media.routing.MediaRouterJellybean$VolumeCallback)
android.support.v4.media.routing.MediaRouterJellybean$CallbackProxy
android.support.v4.media.routing.MediaRouterJellybean$VolumeCallbackProxy
android.support.v4.media.routing.MediaRouterJellybeanMr1:
    private static final java.lang.String TAG
    30:164:MediaRouterJellybeanMr1()
    34:34:public static java.lang.Object createCallback(android.support.v4.media.routing.MediaRouterJellybeanMr1$Callback)
android.support.v4.media.routing.MediaRouterJellybeanMr1$ActiveScanWorkaround:
    private static final int WIFI_DISPLAY_SCAN_INTERVAL
android.support.v4.media.routing.MediaRouterJellybeanMr1$CallbackProxy